<?xml version="1.0" encoding="UTF-8"?>
<!-- Generated by org.testng.reporters.JUnitReportReporter -->
<testsuite hostname="DESKTOP-2" failures="0" tests="2" name="testng1.c1" time="0.003" errors="0" timestamp="2023-04-03T12:13:22 IST" skipped="0">
  <testcase classname="testng1.c1" name="i" time="0.002"/>
  <system-out/>
  <testcase classname="testng1.c1" name="f" time="0.001"/>
  <system-out/>
</testsuite> <!-- testng1.c1 -->
