<?xml version="1.0" encoding="UTF-8"?>
<!-- Generated by org.testng.reporters.JUnitReportReporter -->
<testsuite hostname="DESKTOP-2" failures="0" tests="2" name="testng1.NewTest" time="9.839" errors="0" timestamp="2023-04-03T11:19:54 IST" skipped="0">
  <testcase classname="testng1.NewTest" name="a" time="0.006"/>
  <system-out/>
  <testcase classname="testng1.NewTest" name="g" time="9.833"/>
  <system-out/>
</testsuite> <!-- testng1.NewTest -->
