<?xml version="1.0" encoding="UTF-8"?>
<!-- Generated by org.testng.reporters.JUnitReportReporter -->
<testsuite hostname="DESKTOP-2" failures="0" tests="2" name="testng1.dataprovider2" time="17.216" errors="0" timestamp="2023-04-03T15:39:44 IST" skipped="0">
  <testcase classname="testng1.dataprovider2" name="h" time="11.629"/>
  <system-out/>
  <testcase classname="testng1.dataprovider2" name="h" time="5.587"/>
  <system-out/>
</testsuite> <!-- testng1.dataprovider2 -->
