<?xml version="1.0" encoding="UTF-8"?>
<!-- Generated by org.testng.reporters.JUnitReportReporter -->
<testsuite hostname="DESKTOP-2" failures="0" tests="1" name="testnggg.datadriven1" time="0.000" errors="0" timestamp="2024-06-05T11:09:10 IST" skipped="1">
  <testcase classname="testnggg.datadriven1" name="democlass" time="0.000">
    <skipped/>
  </testcase> <!-- democlass -->
  <system-out/>
</testsuite> <!-- testnggg.datadriven1 -->
