<?xml version="1.0" encoding="UTF-8"?>
<!-- Generated by org.testng.reporters.JUnitReportReporter -->
<testsuite hostname="DESKTOP-2" failures="0" tests="1" name="testng1.b4clssb4test" time="0.007" errors="0" timestamp="2023-04-03T12:13:22 IST" skipped="0">
  <testcase classname="testng1.b4clssb4test" name="f" time="0.007"/>
  <system-out/>
</testsuite> <!-- testng1.b4clssb4test -->
