<?xml version="1.0" encoding="UTF-8"?>
<!-- Generated by org.testng.reporters.JUnitReportReporter -->
<testsuite hostname="DESKTOP-2" failures="0" tests="1" name="testng1.allannotation" time="0.013" errors="0" timestamp="2024-05-29T09:57:29 IST" skipped="0">
  <testcase classname="testng1.allannotation" name="f" time="0.013"/>
  <system-out/>
</testsuite> <!-- testng1.allannotation -->
