<?xml version="1.0" encoding="UTF-8"?>
<!-- Generated by org.testng.reporters.JUnitReportReporter -->
<testsuite hostname="DESKTOP-2" failures="0" tests="1" name="testng1.skipexception" time="0.016" errors="0" timestamp="2024-05-31T12:18:06 IST" skipped="1">
  <testcase classname="testng1.skipexception" name="f" time="0.016">
    <skipped/>
  </testcase> <!-- f -->
  <system-out/>
</testsuite> <!-- testng1.skipexception -->
